
Showing logs for build [32mcb-kubecd-environment-pr-206-6-kqlvp-1[0m stage [32mfrom-build-pack[0m and container [32mstep-credential-initializer-vwlfd[0m
{"level":"info","ts":1587481337.1819646,"logger":"fallback-logger","caller":"logging/config.go:69","msg":"Fetch GitHub commit ID from kodata failed: open /var/run/ko/refs/heads/0.8.0-ns-support: no such file or directory"}
{"level":"info","ts":1587481337.1825042,"logger":"fallback-logger","caller":"creds-init/main.go:40","msg":"Credentials initialized."}

Showing logs for build [32mcb-kubecd-environment-pr-206-6-kqlvp-1[0m stage [32mfrom-build-pack[0m and container [32mstep-working-dir-initializer-zh5jc[0m
{"level":"info","ts":1587481337.7574022,"logger":"fallback-logger","caller":"logging/config.go:69","msg":"Fetch GitHub commit ID from kodata failed: open /var/run/ko/HEAD: no such file or directory"}
{"level":"info","ts":1587481337.7593167,"logger":"fallback-logger","caller":"bash/main.go:64","msg":"Successfully executed command \"sh -c mkdir -p /workspace/source\"; output "}

Showing logs for build [32mcb-kubecd-environment-pr-206-6-kqlvp-1[0m stage [32mfrom-build-pack[0m and container [32mstep-place-tools[0m

Showing logs for build [32mcb-kubecd-environment-pr-206-6-kqlvp-1[0m stage [32mfrom-build-pack[0m and container [32mstep-git-source-cb-kubecd-environment-pr-206-6-kqlvp-s7bqv[0m
{"level":"info","ts":1587481340.7512503,"logger":"fallback-logger","caller":"logging/config.go:69","msg":"Fetch GitHub commit ID from kodata failed: open /var/run/ko/refs/heads/0.8.0-ns-support: no such file or directory"}
{"level":"info","ts":1587481341.7563224,"logger":"fallback-logger","caller":"git/git.go:103","msg":"Successfully cloned https://github.com/cb-kubecd/environment-pr-206-6-boot-vault-gke-production.git @ master in path /workspace/source"}

Showing logs for build [32mcb-kubecd-environment-pr-206-6-kqlvp-1[0m stage [32mfrom-build-pack[0m and container [32mstep-git-merge[0m
Using SHAs from PULL_REFS=master:c6f1c06154c30be6c89bbf29a29ddde351bb6da1,1:f5ede0fb0c499a3bd650d2634019281f4af055a8
DEBUG: LC_ALL=C JX_LOG_LEVEL=error git fetch origin --unshallow f5ede0fb0c499a3bd650d2634019281f4af055a8: c6f1c06154c30be6c89bbf29a29ddde351bb6da1:
DEBUG: ran git fetch --unshallow origin f5ede0fb0c499a3bd650d2634019281f4af055a8: c6f1c06154c30be6c89bbf29a29ddde351bb6da1: in 
DEBUG: LC_ALL=C JX_LOG_LEVEL=error git branch
DEBUG: JX_LOG_LEVEL=error LC_ALL=C git checkout master
DEBUG: ran git checkout master in 
DEBUG: LC_ALL=C JX_LOG_LEVEL=error git reset --hard c6f1c06154c30be6c89bbf29a29ddde351bb6da1
DEBUG: ran git reset --hard c6f1c06154c30be6c89bbf29a29ddde351bb6da1 in 
DEBUG: LC_ALL=C JX_LOG_LEVEL=error git clean -fd .
DEBUG: ran clean --force -d . in 
DEBUG: LC_ALL=C JX_LOG_LEVEL=error git merge f5ede0fb0c499a3bd650d2634019281f4af055a8
DEBUG: ran git merge f5ede0fb0c499a3bd650d2634019281f4af055a8 in 
DEBUG: LC_ALL=C JX_LOG_LEVEL=error git log --format=%H%x1f%an%x1f%ae%x1f%cn%x1f%ce%x1f%s%n%b%x1e c6f1c06154c30be6c89bbf29a29ddde351bb6da1..HEAD
Merged SHA f5ede0fb0c499a3bd650d2634019281f4af055a8 with commit message 'chore: Promote bdd-spring-1587479583 to version 0.0.1' into base branch master

Showing logs for build [32mcb-kubecd-environment-pr-206-6-kqlvp-1[0m stage [32mfrom-build-pack[0m and container [32mstep-build-helm-build[0m
WARNING: No $CHART_REPOSITORY defined so using the default value of: http://jenkins-x-chartmuseum:8080
Adding missing Helm repo: storage.googleapis.com https://storage.googleapis.com/chartmuseum.jenkins-x.io
WARNING: No secrets found on "helm/repos" due: reading the secret "helm/repos" from vault: no secret "helm/repos" not found in vault
Read credentials for https://storage.googleapis.com/chartmuseum.jenkins-x.io from vault helm/repos
Successfully added Helm repository storage.googleapis.com.
Adding missing Helm repo: jenkins-x-chartmuseum http://jenkins-x-chartmuseum:8080
WARNING: No secrets found on "helm/repos" due: reading the secret "helm/repos" from vault: no secret "helm/repos" not found in vault
Read credentials for http://jenkins-x-chartmuseum:8080 from vault helm/repos
Successfully added Helm repository jenkins-x-chartmuseum.
WARNING: No $CHART_REPOSITORY defined so using the default value of: http://jenkins-x-chartmuseum:8080
Adding missing Helm repo: chartmuseum.jenkins-x.io http://chartmuseum.jenkins-x.io
WARNING: No secrets found on "helm/repos" due: reading the secret "helm/repos" from vault: no secret "helm/repos" not found in vault
Read credentials for http://chartmuseum.jenkins-x.io from vault helm/repos
Successfully added Helm repository chartmuseum.jenkins-x.io.
